<?xml version="1.0" encoding="UTF-8"?>
<testng-results skipped="0" failed="0" ignored="0" total="1" passed="1">
  <reporter-output>
  </reporter-output>
  <suite name="Suite" duration-ms="12204" started-at="2019-08-13T07:30:37Z" finished-at="2019-08-13T07:30:49Z">
    <groups>
    </groups>
    <test name="Test" duration-ms="12204" started-at="2019-08-13T07:30:37Z" finished-at="2019-08-13T07:30:49Z">
      <class name="sample_pack.New_Test">
        <test-method status="PASS" signature="beforeTest()[pri:0, instance:sample_pack.New_Test@25618e91]" name="beforeTest" is-config="true" duration-ms="10513" started-at="2019-08-13T07:30:37Z" finished-at="2019-08-13T07:30:47Z">
          <reporter-output>
          </reporter-output>
        </test-method> <!-- beforeTest -->
        <test-method status="PASS" signature="f()[pri:1, instance:sample_pack.New_Test@25618e91]" name="f" duration-ms="1498" started-at="2019-08-13T07:30:47Z" finished-at="2019-08-13T07:30:49Z">
          <reporter-output>
          </reporter-output>
        </test-method> <!-- f -->
        <test-method status="PASS" signature="afterTest()[pri:0, instance:sample_pack.New_Test@25618e91]" name="afterTest" is-config="true" duration-ms="174" started-at="2019-08-13T07:30:49Z" finished-at="2019-08-13T07:30:49Z">
          <reporter-output>
          </reporter-output>
        </test-method> <!-- afterTest -->
      </class> <!-- sample_pack.New_Test -->
    </test> <!-- Test -->
  </suite> <!-- Suite -->
</testng-results>
