<?xml version="1.0" encoding="UTF-8"?>
<testng-results skipped="0" failed="0" ignored="0" total="1" passed="1">
  <reporter-output>
  </reporter-output>
  <suite name="Default suite" duration-ms="56516" started-at="2019-08-16T07:53:17Z" finished-at="2019-08-16T07:54:14Z">
    <groups>
    </groups>
    <test name="Default test" duration-ms="56516" started-at="2019-08-16T07:53:17Z" finished-at="2019-08-16T07:54:14Z">
      <class name="com.wiki_perficient.AppTest">
        <test-method status="PASS" signature="f()[pri:0, instance:com.wiki_perficient.AppTest@4d3167f4]" name="f" duration-ms="56470" started-at="2019-08-16T07:53:17Z" finished-at="2019-08-16T07:54:14Z">
          <reporter-output>
          </reporter-output>
        </test-method> <!-- f -->
      </class> <!-- com.wiki_perficient.AppTest -->
    </test> <!-- Default test -->
  </suite> <!-- Default suite -->
</testng-results>
